c:\users\user\source\repos\iro-and-the-light-forest\debug\vc141.pdb
c:\users\user\source\repos\iro-and-the-light-forest\debug\vc141.idb
c:\users\user\source\repos\iro-and-the-light-forest\debug\player.obj
c:\users\user\source\repos\iro-and-the-light-forest\debug\mousedirections.obj
c:\users\user\source\repos\iro-and-the-light-forest\debug\main.obj
c:\users\user\source\repos\iro-and-the-light-forest\debug\gravity.obj
c:\users\user\source\repos\iro-and-the-light-forest\debug\collision.obj
c:\users\user\source\repos\iro-and-the-light-forest\debug\box.obj
c:\users\user\source\repos\iro-and-the-light-forest\debug\bullet.obj
c:\users\user\source\repos\iro-and-the-light-forest\debug\iro in the dark chamber.pdb
c:\users\user\source\repos\iro-and-the-light-forest\debug\iro in t.a1e1adaf.tlog\cl.command.1.tlog
c:\users\user\source\repos\iro-and-the-light-forest\debug\iro in t.a1e1adaf.tlog\cl.read.1.tlog
c:\users\user\source\repos\iro-and-the-light-forest\debug\iro in t.a1e1adaf.tlog\cl.write.1.tlog
c:\users\user\source\repos\iro-and-the-light-forest\debug\iro in t.a1e1adaf.tlog\link-cvtres.read.1.tlog
c:\users\user\source\repos\iro-and-the-light-forest\debug\iro in t.a1e1adaf.tlog\link-cvtres.write.1.tlog
c:\users\user\source\repos\iro-and-the-light-forest\debug\iro in t.a1e1adaf.tlog\link-rc.read.1.tlog
c:\users\user\source\repos\iro-and-the-light-forest\debug\iro in t.a1e1adaf.tlog\link-rc.write.1.tlog
c:\users\user\source\repos\iro-and-the-light-forest\debug\iro in t.a1e1adaf.tlog\link.6208-cvtres.read.1.tlog
c:\users\user\source\repos\iro-and-the-light-forest\debug\iro in t.a1e1adaf.tlog\link.6208-cvtres.write.1.tlog
c:\users\user\source\repos\iro-and-the-light-forest\debug\iro in t.a1e1adaf.tlog\link.6208-rc.read.1.tlog
c:\users\user\source\repos\iro-and-the-light-forest\debug\iro in t.a1e1adaf.tlog\link.6208-rc.write.1.tlog
c:\users\user\source\repos\iro-and-the-light-forest\debug\iro in t.a1e1adaf.tlog\link.6208.read.1.tlog
c:\users\user\source\repos\iro-and-the-light-forest\debug\iro in t.a1e1adaf.tlog\link.6208.write.1.tlog
c:\users\user\source\repos\iro-and-the-light-forest\debug\iro in t.a1e1adaf.tlog\link.command.1.tlog
c:\users\user\source\repos\iro-and-the-light-forest\debug\iro in t.a1e1adaf.tlog\link.read.1.tlog
c:\users\user\source\repos\iro-and-the-light-forest\debug\iro in t.a1e1adaf.tlog\link.write.1.tlog
